2016-01-06 00:41:41 Debug: 
From: you@localhost
To: lithiumer13@gmail.com
X-Mailer: CakePHP Email
Date: Wed, 06 Jan 2016 00:41:40 +0000
Message-ID: <568c62c4fe2448368d600df799f23b36@localhost>
Subject: Account verification
MIME-Version: 1.0
Content-Type: text/plain; charset=UTF-8
Content-Transfer-Encoding: 8bit
Hello sharmaine,
to validate your account, you must visit the URL below within 24 hours
http://localhost/blogapp/users/users/verify/email/tj7hfr6o4s
This email was sent using the CakePHP Framework, http://cakephp.org.

2016-01-06 00:42:26 Debug: 
From: you@localhost
To: sharminas@sonarlogic.biz
X-Mailer: CakePHP Email
Date: Wed, 06 Jan 2016 00:42:25 +0000
Message-ID: <568c62f1afe4444680dd0d2299f23b36@localhost>
Subject: Account verification
MIME-Version: 1.0
Content-Type: text/plain; charset=UTF-8
Content-Transfer-Encoding: 8bit
Hello sharminaabbe1fbf09,
to validate your account, you must visit the URL below within 24 hours
http://localhost/blogapp/users/users/verify/email/2jwu9qyinb
This email was sent using the CakePHP Framework, http://cakephp.org.

2016-01-06 00:51:41 Debug: 
From: you@localhost
To: sharminas@sonarlogic.biz
X-Mailer: CakePHP Email
Date: Wed, 06 Jan 2016 00:51:40 +0000
Message-ID: <568c651ca15849249d3a0da299f23b36@localhost>
Subject: Account verification
MIME-Version: 1.0
Content-Type: text/plain; charset=UTF-8
Content-Transfer-Encoding: 8bit
Hello sharmaine,
to validate your account, you must visit the URL below within 24 hours
http://localhost/blogapp/users/users/verify/email/7dtoul0mfp
This email was sent using the CakePHP Framework, http://cakephp.org.

2016-01-06 00:55:30 Debug: 
From: you@localhost
To: sharminas@sonarlogic.biz
X-Mailer: CakePHP Email
Date: Wed, 06 Jan 2016 00:55:29 +0000
Message-ID: <568c660158544249a2ed0d2599f23b36@localhost>
Subject: Account verification
MIME-Version: 1.0
Content-Type: text/plain; charset=UTF-8
Content-Transfer-Encoding: 8bit
Hello sharmaine,
Welcome to Blog App, thank you for joining with us.
to validate your account, you must visit the URL below within 24 hours
http://localhost/blogapp/users/verify/email/grlizc0oty
This email was sent using the CakePHP Framework, http://cakephp.org.

2016-01-06 01:05:40 Debug: 
From: you@localhost
To: sharminas@sonarlogic.biz
X-Mailer: CakePHP Email
Date: Wed, 06 Jan 2016 01:05:40 +0000
Message-ID: <568c6864466c412d8dac0df799f23b36@localhost>
Subject: Account verification
MIME-Version: 1.0
Content-Type: text/plain; charset=UTF-8
Content-Transfer-Encoding: 8bit

<h1>
Hello sharmaine,
</h1>
<h3>
Welcome to Blog App, thank you for joining with us.
</h3>
<p>
to validate your account, you must visit the URL below within 24 hours
http://localhost/blogapp/users/verify/email/j89e01svg7</p>
This email was sent using the CakePHP Framework, http://cakephp.org.

2016-01-06 01:21:40 Debug: 
From: you@localhost
To: sharminas@sonarlogic.biz
X-Mailer: CakePHP Email
Date: Wed, 06 Jan 2016 01:21:39 +0000
Message-ID: <568c6c23930042f587b80d2599f23b36@localhost>
Subject: Account verification
MIME-Version: 1.0
Content-Type: text/plain; charset=UTF-8
Content-Transfer-Encoding: 8bit

Hello sharmaine,
Welcome to Blog App, thank you for joining with us.
To validate your account, you must visit the URL below within 24 hours
http://localhost/blogapp/users/verify/email/mldcuzv7re
This email was sent using the CakePHP Framework, http://cakephp.org.

2016-01-06 01:43:02 Debug: 
From: you@localhost
To: sharminas@sonarlogic.biz
X-Mailer: CakePHP Email
Date: Wed, 06 Jan 2016 01:43:01 +0000
Message-ID: <568c712564904341af240d2299f23b36@localhost>
Subject: Account verification
MIME-Version: 1.0
Content-Type: text/plain; charset=UTF-8
Content-Transfer-Encoding: 8bit

Hello sharmaine,
Welcome to Blog App, thank you for joining with us.
To validate your account, you must visit the URL below within 24 hours
http://localhost/blogapp/users/verify/email/ncpgv7zre6
This email was sent using the CakePHP Framework, http://cakephp.org.

2016-01-06 01:45:37 Debug: 
From: you@localhost
To: sharminas@sonarlogic.biz
X-Mailer: CakePHP Email
Date: Wed, 06 Jan 2016 01:45:36 +0000
Message-ID: <568c71c0f0b04915a4d90d2599f23b36@localhost>
Subject: Account verification
MIME-Version: 1.0
Content-Type: text/plain; charset=UTF-8
Content-Transfer-Encoding: 8bit

Hello sharmina,
Welcome to Blog App, thank you for joining with us.
To validate your account, you must visit the URL below within 24 hours
http://localhost/blogapp/users/verify/email/0vas8dpty4
This email was sent using the CakePHP Framework, http://cakephp.org.

2016-01-06 01:50:26 Debug: 
From: you@localhost
To: sharminas@sonarlogic.biz
X-Mailer: CakePHP Email
Date: Wed, 06 Jan 2016 01:50:25 +0000
Message-ID: <568c72e1e79446c38da80d2299f23b36@localhost>
Subject: Account verification
MIME-Version: 1.0
Content-Type: text/plain; charset=UTF-8
Content-Transfer-Encoding: 8bit

Hello sharmaine,
Welcome to Blog App, thank you for joining with us.
To validate your account, you must visit the URL below within 24 hours
http://localhost/blogapp/users/verify/email/gnlrfx4mku
This email was sent using the CakePHP Framework, http://cakephp.org.

2016-01-06 02:13:10 Debug: 
From: you@localhost
To: sharminas@sonarlogic.biz
X-Mailer: CakePHP Email
Date: Wed, 06 Jan 2016 02:13:09 +0000
Message-ID: <568c78356da8440f87db0d2199f23b36@localhost>
Subject: Account verification
MIME-Version: 1.0
Content-Type: text/plain; charset=UTF-8
Content-Transfer-Encoding: 8bit

Hello sharmaine,
Welcome to Blog App, thank you for joining with us.
To validate your account, you must visit the URL below within 24 hours
http://localhost/blogapp/users/verify/email/8omrnbue5y
This email was sent using the CakePHP Framework, http://cakephp.org.

2016-01-06 02:21:38 Debug: 
From: you@localhost
To: sharminas@sonarlogic.biz
X-Mailer: CakePHP Email
Date: Wed, 06 Jan 2016 02:21:37 +0000
Message-ID: <568c7a316a684229a5610d2499f23b36@localhost>
Subject: Account verification
MIME-Version: 1.0
Content-Type: text/plain; charset=UTF-8
Content-Transfer-Encoding: 8bit

Hello sharmaine,
Welcome to Blog App, thank you for joining with us.
To validate your account, you must visit the URL below within 24 hours
http://localhost/blogapp/users/verify/1m7j0icqp3
This email was sent using the CakePHP Framework, http://cakephp.org.

2016-01-06 02:27:09 Debug: 
From: you@localhost
To: sharminas@sonarlogic.biz
X-Mailer: CakePHP Email
Date: Wed, 06 Jan 2016 02:27:08 +0000
Message-ID: <568c7b7cbb1446d78ae40d2299f23b36@localhost>
Subject: Account verification
MIME-Version: 1.0
Content-Type: text/plain; charset=UTF-8
Content-Transfer-Encoding: 8bit

Hello sharmaine,
Welcome to Blog App, thank you for joining with us.
To validate your account, you must visit the URL below within 24 hours
http://localhost/blogapp/users/verify/8se41lypk7
This email was sent using the CakePHP Framework, http://cakephp.org.

2016-01-06 02:29:40 Debug: 
From: you@localhost
To: sharminas@sonarlogic.biz
X-Mailer: CakePHP Email
Date: Wed, 06 Jan 2016 02:29:39 +0000
Message-ID: <568c7c13c02444fcbf460d2399f23b36@localhost>
Subject: Account verification
MIME-Version: 1.0
Content-Type: text/plain; charset=UTF-8
Content-Transfer-Encoding: 8bit

Hello sharmaine,
Welcome to Blog App, thank you for joining with us.
To validate your account, you must visit the URL below within 24 hours
http://localhost/blogapp/users/add/g17uqdibe2
This email was sent using the CakePHP Framework, http://cakephp.org.

2016-01-06 02:31:07 Debug: 
From: you@localhost
To: sharminas@sonarlogic.biz
X-Mailer: CakePHP Email
Date: Wed, 06 Jan 2016 02:31:06 +0000
Message-ID: <568c7c6a9f1442daa7600df799f23b36@localhost>
Subject: Account verification
MIME-Version: 1.0
Content-Type: text/plain; charset=UTF-8
Content-Transfer-Encoding: 8bit

Hello sharmaine,
Welcome to Blog App, thank you for joining with us.
To validate your account, you must visit the URL below within 24 hours
http://localhost/blogapp/users/resend_verification/yw67omtu50
This email was sent using the CakePHP Framework, http://cakephp.org.

2016-01-06 02:35:43 Debug: 
From: you@localhost
To: sharminas@sonarlogic.biz
X-Mailer: CakePHP Email
Date: Wed, 06 Jan 2016 02:35:42 +0000
Message-ID: <568c7d7e74884a8c93330d2399f23b36@localhost>
Subject: Account verification
MIME-Version: 1.0
Content-Type: text/plain; charset=UTF-8
Content-Transfer-Encoding: 8bit

Hello sharmaine,
Welcome to Blog App, thank you for joining with us.
To validate your account, you must visit the URL below within 24 hours
http://localhost/blogapp/users/resend_verification/g3eat72w8v
This email was sent using the CakePHP Framework, http://cakephp.org.

2016-01-06 02:39:43 Debug: 
From: you@localhost
To: sharminas@sonarlogic.biz
X-Mailer: CakePHP Email
Date: Wed, 06 Jan 2016 02:39:43 +0000
Message-ID: <568c7e6f116c45b594480d2599f23b36@localhost>
Subject: Account verification
MIME-Version: 1.0
Content-Type: text/plain; charset=UTF-8
Content-Transfer-Encoding: 8bit

Hello sharmaine,
Welcome to Blog App, thank you for joining with us.
To validate your account, you must visit the URL below within 24 hours
http://localhost/blogapp/users/resend_verification/c9hvdlkbe1
This email was sent using the CakePHP Framework, http://cakephp.org.

2016-01-06 02:44:16 Debug: 
From: you@localhost
To: sharminas@sonarlogic.biz
X-Mailer: CakePHP Email
Date: Wed, 06 Jan 2016 02:44:16 +0000
Message-ID: <568c7f8077684be5adc00d2299f23b36@localhost>
Subject: Account verification
MIME-Version: 1.0
Content-Type: text/plain; charset=UTF-8
Content-Transfer-Encoding: 8bit

Hello sharmaine,
Welcome to Blog App, thank you for joining with us.
To validate your account, you must visit the URL below within 24 hours
http://localhost/blogapp/users/verify/email/c9hvdlkbe1
This email was sent using the CakePHP Framework, http://cakephp.org.

2016-01-06 04:18:54 Debug: 
From: you@localhost
To: sharminas@sonarlogic.biz
X-Mailer: CakePHP Email
Date: Wed, 06 Jan 2016 04:18:53 +0000
Message-ID: <568c95ad18b441a4aabb0d2199f23b36@localhost>
Subject: Account verification
MIME-Version: 1.0
Content-Type: text/plain; charset=UTF-8
Content-Transfer-Encoding: 8bit

Hello sharmaine,
Welcome to Blog App, thank you for joining with us.
To validate your account, you must visit the URL below within 24 hours
http://localhost/blogapp/users/verify/email/o7h6i5rxbe
This email was sent using the CakePHP Framework, http://cakephp.org.

2016-01-06 04:30:03 Debug: 
From: you@localhost
To: sharminas@sonarlogic.biz
X-Mailer: CakePHP Email
Date: Wed, 06 Jan 2016 04:30:03 +0000
Message-ID: <568c984bd5004d7c9bca0d2299f23b36@localhost>
Subject: Account verification
MIME-Version: 1.0
Content-Type: text/plain; charset=UTF-8
Content-Transfer-Encoding: 8bit

Hello sharmaine,
Welcome to Blog App, thank you for joining with us.
To validate your account, you must visit the URL below within 24 hours
http://localhost/blogapp/users/verify/email/8v93b62zmi
This email was sent using the CakePHP Framework, http://cakephp.org.

2016-01-06 04:32:16 Debug: 
From: you@localhost
To: sharminas@sonarlogic.biz
X-Mailer: CakePHP Email
Date: Wed, 06 Jan 2016 04:32:15 +0000
Message-ID: <568c98cf11784cd9941b0df799f23b36@localhost>
Subject: Account verification
MIME-Version: 1.0
Content-Type: text/plain; charset=UTF-8
Content-Transfer-Encoding: 8bit

Hello sharmaine,
Welcome to Blog App, thank you for joining with us.
To validate your account, you must visit the URL below within 24 hours
http://localhost/blogapp/users/verify/email/dbjqhnf71z
This email was sent using the CakePHP Framework, http://cakephp.org.

2016-01-06 05:24:20 Debug: 
From: you@localhost
To: sharminas@sonarlogic.biz
X-Mailer: CakePHP Email
Date: Wed, 06 Jan 2016 05:24:19 +0000
Message-ID: <568ca503c61048b390730d2199f23b36@localhost>
Subject: Request for reset password
MIME-Version: 1.0
Content-Type: text/plain; charset=UTF-8
Content-Transfer-Encoding: 8bit
A request to reset your password was sent. To change your password click the link below.
http://localhost/blogapp/users/reset/rt5nucqhev
This email was sent using the CakePHP Framework, http://cakephp.org.

2016-01-06 05:24:27 Debug: 
From: you@localhost
To: sharminas@sonarlogic.biz
X-Mailer: CakePHP Email
Date: Wed, 06 Jan 2016 05:24:26 +0000
Message-ID: <568ca50a7928459b89850d2199f23b36@localhost>
Subject: Request for reset password
MIME-Version: 1.0
Content-Type: text/plain; charset=UTF-8
Content-Transfer-Encoding: 8bit
A request to reset your password was sent. To change your password click the link below.
http://localhost/blogapp/users/reset/41audgfbs6
This email was sent using the CakePHP Framework, http://cakephp.org.

2016-01-06 05:25:17 Debug: 
From: you@localhost
To: sharminas@sonarlogic.biz
X-Mailer: CakePHP Email
Date: Wed, 06 Jan 2016 05:25:16 +0000
Message-ID: <568ca53cace445d39a020d2299f23b36@localhost>
Subject: Request for reset password
MIME-Version: 1.0
Content-Type: text/plain; charset=UTF-8
Content-Transfer-Encoding: 8bit
A request to reset your password was sent. To change your password click the link below.
http://localhost/blogapp/users/reset/d9w2aifbpc
This email was sent using the CakePHP Framework, http://cakephp.org.

2016-01-06 05:32:30 Debug: 
From: you@localhost
To: sharminas@sonarlogic.biz
X-Mailer: CakePHP Email
Date: Wed, 06 Jan 2016 05:32:29 +0000
Message-ID: <568ca6edc5dc48f88de10d2299f23b36@localhost>
Subject: Request for reset password
MIME-Version: 1.0
Content-Type: text/plain; charset=UTF-8
Content-Transfer-Encoding: 8bit
A request to reset your password was sent. To change your password click the link below.
http://localhost/blogapp/users/reset/jv1cx3dbzk
This email was sent using the CakePHP Framework, http://cakephp.org.

2016-01-06 05:34:38 Debug: 
From: you@localhost
To: sharminas@sonarlogic.biz
X-Mailer: CakePHP Email
Date: Wed, 06 Jan 2016 05:34:38 +0000
Message-ID: <568ca76e94d842d68cd40df799f23b36@localhost>
Subject: Request for reset password
MIME-Version: 1.0
Content-Type: text/plain; charset=UTF-8
Content-Transfer-Encoding: 8bit
A request to reset your password was sent. To change your password click the link below.
http://localhost/blogapp/users/reset/83quykj0nt
This email was sent using the CakePHP Framework, http://cakephp.org.

2016-01-06 05:38:47 Debug: 
From: you@localhost
To: sharminas@sonarlogic.biz
X-Mailer: CakePHP Email
Date: Wed, 06 Jan 2016 05:38:46 +0000
Message-ID: <568ca8662c5c422b90c5212599f23b36@localhost>
Subject: Request for reset password
MIME-Version: 1.0
Content-Type: text/plain; charset=UTF-8
Content-Transfer-Encoding: 8bit
A request to reset your password was sent. To change your password click the link below.
http://localhost/blogapp/users/reset/zdfx9j7hp2
This email was sent using the CakePHP Framework, http://cakephp.org.

2016-01-06 05:39:19 Debug: 
From: you@localhost
To: sharminas@sonarlogic.biz
X-Mailer: CakePHP Email
Date: Wed, 06 Jan 2016 05:39:18 +0000
Message-ID: <568ca886230c42699bde0d2599f23b36@localhost>
Subject: Request for reset password
MIME-Version: 1.0
Content-Type: text/plain; charset=UTF-8
Content-Transfer-Encoding: 8bit
A request to reset your password was sent. To change your password click the link below.
http://localhost/blogapp/users/reset/vxkg6o8tu3
This email was sent using the CakePHP Framework, http://cakephp.org.

2016-01-06 05:47:17 Debug: 
From: you@localhost
To: sharminas@sonarlogic.biz
X-Mailer: CakePHP Email
Date: Wed, 06 Jan 2016 05:47:16 +0000
Message-ID: <568caa6450b84446aef0212599f23b36@localhost>
Subject: Request for reset password
MIME-Version: 1.0
Content-Type: text/plain; charset=UTF-8
Content-Transfer-Encoding: 8bit
A request to reset your password was sent. To change your password click the link below.
http://localhost/blogapp/users/reset/1d87wq462a
This email was sent using the CakePHP Framework, http://cakephp.org.

2016-01-06 05:47:42 Debug: 
From: you@localhost
To: sharminas@sonarlogic.biz
X-Mailer: CakePHP Email
Date: Wed, 06 Jan 2016 05:47:41 +0000
Message-ID: <568caa7dc36841dcb7570da299f23b36@localhost>
Subject: Request for reset password
MIME-Version: 1.0
Content-Type: text/plain; charset=UTF-8
Content-Transfer-Encoding: 8bit
A request to reset your password was sent. To change your password click the link below.
http://localhost/blogapp/users/reset/irp5986wxj
This email was sent using the CakePHP Framework, http://cakephp.org.

2016-01-06 05:55:37 Debug: 
From: you@localhost
To: sharminas@sonarlogic.biz
X-Mailer: CakePHP Email
Date: Wed, 06 Jan 2016 05:55:37 +0000
Message-ID: <568cac5901f847919ba90df899f23b36@localhost>
Subject: Request for reset password
MIME-Version: 1.0
Content-Type: text/plain; charset=UTF-8
Content-Transfer-Encoding: 8bit
A request to reset your password was sent. To change your password click the link below.
http://localhost/blogapp/users/reset/ltiapu46cg
This email was sent using the CakePHP Framework, http://cakephp.org.

2016-01-06 05:56:00 Debug: 
From: you@localhost
To: sharminas@sonarlogic.biz
X-Mailer: CakePHP Email
Date: Wed, 06 Jan 2016 05:55:59 +0000
Message-ID: <568cac6f11104445ad720d2599f23b36@localhost>
Subject: Request for reset password
MIME-Version: 1.0
Content-Type: text/plain; charset=UTF-8
Content-Transfer-Encoding: 8bit
A request to reset your password was sent. To change your password click the link below.
http://localhost/blogapp/users/reset/vm0x9jwrn2
This email was sent using the CakePHP Framework, http://cakephp.org.

2016-01-06 06:06:32 Debug: 
From: you@localhost
To: sharminas@sonarlogic.biz
X-Mailer: CakePHP Email
Date: Wed, 06 Jan 2016 06:06:31 +0000
Message-ID: <568caee78aac487ca5ea0da299f23b36@localhost>
Subject: Request for reset password
MIME-Version: 1.0
Content-Type: text/plain; charset=UTF-8
Content-Transfer-Encoding: 8bit
A request to reset your password was sent. To change your password click the link below.
http://localhost/blogapp/users/reset/0tushc76vz
This email was sent using the CakePHP Framework, http://cakephp.org.

2016-01-06 06:21:17 Debug: 
From: you@localhost
To: sharminas@sonarlogic.biz
X-Mailer: CakePHP Email
Date: Wed, 06 Jan 2016 06:21:16 +0000
Message-ID: <568cb25c3168496a8ec60d2199f23b36@localhost>
Subject: Request for reset password
MIME-Version: 1.0
Content-Type: text/plain; charset=UTF-8
Content-Transfer-Encoding: 8bit
A request to reset your password was sent. To change your password click the link below.
http://localhost/blogapp/users/reset/q5bs9dkfgu
This email was sent using the CakePHP Framework, http://cakephp.org.

2016-01-06 06:28:29 Debug: 
From: you@localhost
To: sharminas@sonarlogic.biz
X-Mailer: CakePHP Email
Date: Wed, 06 Jan 2016 06:28:29 +0000
Message-ID: <568cb40da6cc49008cf90d2599f23b36@localhost>
Subject: Request for reset password
MIME-Version: 1.0
Content-Type: text/plain; charset=UTF-8
Content-Transfer-Encoding: 8bit
A request to reset your password was sent. To change your password click the link below.
http://localhost/blogapp/users/reset/gx4zqy1jrv
This email was sent using the CakePHP Framework, http://cakephp.org.

2016-01-06 06:45:59 Debug: 
From: you@localhost
To: sharminas@sonarlogic.biz
X-Mailer: CakePHP Email
Date: Wed, 06 Jan 2016 06:45:58 +0000
Message-ID: <568cb82614cc42068c1b0d2599f23b36@localhost>
Subject: Request for reset password
MIME-Version: 1.0
Content-Type: text/plain; charset=UTF-8
Content-Transfer-Encoding: 8bit
A request to reset your password was sent. To change your password click the link below.
http://localhost/blogapp/users/reset/far82ucqhm
This email was sent using the CakePHP Framework, http://cakephp.org.

2016-01-06 07:58:49 Debug: 
From: you@localhost
To: lithuimer13@gmail.com
X-Mailer: CakePHP Email
Date: Wed, 06 Jan 2016 07:58:48 +0000
Message-ID: <568cc9383c3c484893c60d2399f23b36@localhost>
Subject: Account verification
MIME-Version: 1.0
Content-Type: text/plain; charset=UTF-8
Content-Transfer-Encoding: 8bit

Hello paula,
Welcome to Blog App, thank you for joining with us.
To validate your account, you must visit the URL below within 24 hours
http://localhost/blogapp/users/verify/email/4k2feijra1
This email was sent using the CakePHP Framework, http://cakephp.org.

2016-01-06 23:02:01 Debug: 
From: you@localhost
To: sharminas@sonarlogic.biz
X-Mailer: CakePHP Email
Date: Wed, 06 Jan 2016 23:02:00 +0000
Message-ID: <568d9ce826604e54aa1705db99f23b36@localhost>
Subject: Request for reset password
MIME-Version: 1.0
Content-Type: text/plain; charset=UTF-8
Content-Transfer-Encoding: 8bit
A request to reset your password was sent. To change your password click the link below.
http://localhost/blogapp/users/reset/8pkj91xl26
This email was sent using the CakePHP Framework, http://cakephp.org.

2016-01-06 23:05:31 Debug: 
From: you@localhost
To: paulac@sonarlogic.biz
X-Mailer: CakePHP Email
Date: Wed, 06 Jan 2016 23:05:30 +0000
Message-ID: <568d9dbad1a44d23931f124099f23b36@localhost>
Subject: Account verification
MIME-Version: 1.0
Content-Type: text/plain; charset=UTF-8
Content-Transfer-Encoding: 8bit

Hello paula,
Welcome to Blog App, thank you for joining with us.
To validate your account, you must visit the URL below within 24 hours
http://localhost/blogapp/users/verify/email/d0ho5ecs6j
This email was sent using the CakePHP Framework, http://cakephp.org.

2016-01-06 23:09:53 Debug: 
From: you@localhost
To: paulac@sonarlogic.biz
X-Mailer: CakePHP Email
Date: Wed, 06 Jan 2016 23:09:52 +0000
Message-ID: <568d9ec0a49c4e3da7da124399f23b36@localhost>
Subject: Request for reset password
MIME-Version: 1.0
Content-Type: text/plain; charset=UTF-8
Content-Transfer-Encoding: 8bit
A request to reset your password was sent. To change your password click the link below.
http://localhost/blogapp/users/reset/1gc59rpu87
This email was sent using the CakePHP Framework, http://cakephp.org.

2016-01-07 00:34:44 Debug: 
From: you@localhost
To: sharminas@sonarlogic.biz
X-Mailer: CakePHP Email
Date: Thu, 07 Jan 2016 00:34:43 +0000
Message-ID: <568db2a3f5a0453f87f4164699f23b36@localhost>
Subject: Account verification
MIME-Version: 1.0
Content-Type: text/plain; charset=UTF-8
Content-Transfer-Encoding: 8bit

Hello sharmaine,
Welcome to Blog App, thank you for joining with us.
To validate your account, you must visit the URL below within 24 hours
http://localhost/blogapp/users/verify/email/esgz05o38w
This email was sent using the CakePHP Framework, http://cakephp.org.

2016-01-07 00:39:38 Debug: 
From: you@localhost
To: sharminas@sonarlogic.biz
X-Mailer: CakePHP Email
Date: Thu, 07 Jan 2016 00:39:37 +0000
Message-ID: <568db3c91ff04c6ba98e12b699f23b36@localhost>
Subject: Request for reset password
MIME-Version: 1.0
Content-Type: text/plain; charset=UTF-8
Content-Transfer-Encoding: 8bit
A request to reset your password was sent. To change your password click the link below.
http://localhost/blogapp/users/reset/sj4z9aeclq
This email was sent using the CakePHP Framework, http://cakephp.org.

2016-01-07 00:42:01 Debug: 
From: you@localhost
To: paulac@sonarlogic.biz
X-Mailer: CakePHP Email
Date: Thu, 07 Jan 2016 00:42:00 +0000
Message-ID: <568db4589e1c480faacc124399f23b36@localhost>
Subject: Account verification
MIME-Version: 1.0
Content-Type: text/plain; charset=UTF-8
Content-Transfer-Encoding: 8bit

Hello paula,
Welcome to Blog App, thank you for joining with us.
To validate your account, you must visit the URL below within 24 hours
http://localhost/blogapp/users/verify/email/9uekyl7n68
This email was sent using the CakePHP Framework, http://cakephp.org.

2016-01-07 00:43:50 Debug: 
From: you@localhost
To: paulac@sonarlogic.biz
X-Mailer: CakePHP Email
Date: Thu, 07 Jan 2016 00:43:49 +0000
Message-ID: <568db4c5f1444b0e968e12b699f23b36@localhost>
Subject: Request for reset password
MIME-Version: 1.0
Content-Type: text/plain; charset=UTF-8
Content-Transfer-Encoding: 8bit
A request to reset your password was sent. To change your password click the link below.
http://localhost/blogapp/users/reset/84lnr7jh1z
This email was sent using the CakePHP Framework, http://cakephp.org.

2016-01-07 01:36:37 Debug: 
From: you@localhost
To: sharminas@sonarlogic.biz
X-Mailer: CakePHP Email
Date: Thu, 07 Jan 2016 01:36:36 +0000
Message-ID: <568dc12409c84c6db9b5124399f23b36@localhost>
Subject: Account verification
MIME-Version: 1.0
Content-Type: text/plain; charset=UTF-8
Content-Transfer-Encoding: 8bit

Hello sharmina,
Welcome to Blog App, thank you for joining with us.
To validate your account, you must visit the URL below within 24 hours
http://localhost/blogapp/users/verify/email/yo4enrsuqh
This email was sent using the CakePHP Framework, http://cakephp.org.

2016-01-07 01:37:32 Debug: 
From: you@localhost
To: sharminas@sonarlogic.biz
X-Mailer: CakePHP Email
Date: Thu, 07 Jan 2016 01:37:32 +0000
Message-ID: <568dc15c1f34467a9874124199f23b36@localhost>
Subject: Request for reset password
MIME-Version: 1.0
Content-Type: text/plain; charset=UTF-8
Content-Transfer-Encoding: 8bit
A request to reset your password was sent. To change your password click the link below.
http://localhost/blogapp/users/reset/ucgpjdshil
This email was sent using the CakePHP Framework, http://cakephp.org.

2016-01-07 01:38:02 Debug: 
From: you@localhost
To: sharminas@sonarlogic.biz
X-Mailer: CakePHP Email
Date: Thu, 07 Jan 2016 01:38:02 +0000
Message-ID: <568dc17a8b604ae4816e124099f23b36@localhost>
Subject: Request for reset password
MIME-Version: 1.0
Content-Type: text/plain; charset=UTF-8
Content-Transfer-Encoding: 8bit
A request to reset your password was sent. To change your password click the link below.
http://localhost/blogapp/users/reset/umckb598ft
This email was sent using the CakePHP Framework, http://cakephp.org.

2016-01-07 01:46:05 Debug: 
From: you@localhost
To: paulac@sonarlogic.biz
X-Mailer: CakePHP Email
Date: Thu, 07 Jan 2016 01:46:04 +0000
Message-ID: <568dc35cdbcc4e42a8fa164699f23b36@localhost>
Subject: Account verification
MIME-Version: 1.0
Content-Type: text/plain; charset=UTF-8
Content-Transfer-Encoding: 8bit

Hello Paula,
Welcome to Blog App, thank you for joining with us.
To validate your account, you must visit the URL below within 24 hours
http://localhost/blogapp/users/verify/email/c9bk3ajvh1
This email was sent using the CakePHP Framework, http://cakephp.org.

2016-01-07 01:46:40 Debug: 
From: you@localhost
To: paulac@sonarlogic.biz
X-Mailer: CakePHP Email
Date: Thu, 07 Jan 2016 01:46:39 +0000
Message-ID: <568dc37f86f84864af3b164799f23b36@localhost>
Subject: Request for reset password
MIME-Version: 1.0
Content-Type: text/plain; charset=UTF-8
Content-Transfer-Encoding: 8bit
A request to reset your password was sent. To change your password click the link below.
http://localhost/blogapp/users/reset/tb2zg64jd7
This email was sent using the CakePHP Framework, http://cakephp.org.

2016-01-20 03:22:06 Debug: 
From: you@localhost
To: belindas@gmail.com
X-Mailer: CakePHP Email
Date: Wed, 20 Jan 2016 03:22:05 +0000
Message-ID: <569efd5dde5449d2ac870cf299f23b36@localhost>
Subject: Account verification
MIME-Version: 1.0
Content-Type: text/plain; charset=UTF-8
Content-Transfer-Encoding: 8bit

Hello belinda,
Welcome to Blog App, thank you for joining with us.
To validate your account, you must visit the URL below within 24 hours
http://localhost/blogapp/users/verify/email/l4sum35v7e
This email was sent using the CakePHP Framework, http://cakephp.org.

2016-02-23 07:56:32 Debug: 
From: you@localhost
To: sharminas@sonarlogic.biz
X-Mailer: CakePHP Email
Date: Tue, 23 Feb 2016 07:56:31 +0000
Message-ID: <56cc10afa4704ff0be93227599f23b36@localhost>
Subject: Request for reset password
MIME-Version: 1.0
Content-Type: text/plain; charset=UTF-8
Content-Transfer-Encoding: 8bit
A request to reset your password was sent. To change your password click the link below.
http://localhost/blogapp/users/reset/ga4ov0uyxn
This email was sent using the CakePHP Framework, http://cakephp.org.

2016-02-24 02:07:06 Debug: 
From: you@localhost
To: sharminas@sonarlogic.biz
X-Mailer: CakePHP Email
Date: Wed, 24 Feb 2016 02:07:05 +0000
Message-ID: <56cd10497098497bad98108199f23b36@localhost>
Subject: Request for reset password
MIME-Version: 1.0
Content-Type: text/plain; charset=UTF-8
Content-Transfer-Encoding: 8bit
A request to reset your password was sent. To change your password click the link below.
http://localhost/blogapp/users/reset/jqs2veubzi
This email was sent using the CakePHP Framework, http://cakephp.org.

2016-02-24 02:09:00 Debug: 
From: you@localhost
To: sharminas@sonarlogic.biz
X-Mailer: CakePHP Email
Date: Wed, 24 Feb 2016 02:08:59 +0000
Message-ID: <56cd10bc743c4592917c0de299f23b36@localhost>
Subject: Request for reset password
MIME-Version: 1.0
Content-Type: text/plain; charset=UTF-8
Content-Transfer-Encoding: 8bit
A request to reset your password was sent. To change your password click the link below.
http://localhost/blogapp/users/reset/41jo9f6ib8
This email was sent using the CakePHP Framework, http://cakephp.org.

2016-02-24 23:25:20 Debug: 
From: you@localhost
To: inyangsimbulan@gmail.com
X-Mailer: CakePHP Email
Date: Wed, 24 Feb 2016 23:25:19 +0000
Message-ID: <56ce3bdf22384072b1380c9099f23b36@localhost>
Subject: Account verification
MIME-Version: 1.0
Content-Type: text/plain; charset=UTF-8
Content-Transfer-Encoding: 8bit

Hello mina,
Welcome to Blog App, thank you for joining with us.
To validate your account, you must visit the URL below within 24 hours
http://localhost/blogapp/users/verify/email/k9630mxo4u
This email was sent using the CakePHP Framework, http://cakephp.org.

2016-02-24 23:26:37 Debug: 
From: you@localhost
To: inyangsimbulan@gmail.com
X-Mailer: CakePHP Email
Date: Wed, 24 Feb 2016 23:26:36 +0000
Message-ID: <56ce3c2c622c4d84801705de99f23b36@localhost>
Subject: Request for reset password
MIME-Version: 1.0
Content-Type: text/plain; charset=UTF-8
Content-Transfer-Encoding: 8bit
A request to reset your password was sent. To change your password click the link below.
http://localhost/blogapp/users/reset/7dbvwe95yz
This email was sent using the CakePHP Framework, http://cakephp.org.

2016-02-24 23:28:28 Debug: 
From: you@localhost
To: inyangsimbulan@gmail.com
X-Mailer: CakePHP Email
Date: Wed, 24 Feb 2016 23:28:27 +0000
Message-ID: <56ce3c9b4e384f728b6a0bb099f23b36@localhost>
Subject: Request for reset password
MIME-Version: 1.0
Content-Type: text/plain; charset=UTF-8
Content-Transfer-Encoding: 8bit
A request to reset your password was sent. To change your password click the link below.
http://localhost/blogapp/users/reset/k8lzd1w0gn
This email was sent using the CakePHP Framework, http://cakephp.org.

2016-02-24 23:30:17 Debug: 
From: you@localhost
To: inyangsimbulan@gmail.com
X-Mailer: CakePHP Email
Date: Wed, 24 Feb 2016 23:30:17 +0000
Message-ID: <56ce3d091e5848a59a280e2999f23b36@localhost>
Subject: Request for reset password
MIME-Version: 1.0
Content-Type: text/plain; charset=UTF-8
Content-Transfer-Encoding: 8bit
A request to reset your password was sent. To change your password click the link below.
http://localhost/blogapp/users/reset/il8arconk3
This email was sent using the CakePHP Framework, http://cakephp.org.

2016-02-24 23:30:52 Debug: 
From: you@localhost
To: sharminas@sonarlogic.biz
X-Mailer: CakePHP Email
Date: Wed, 24 Feb 2016 23:30:51 +0000
Message-ID: <56ce3d2b1d004616bf000db399f23b36@localhost>
Subject: Request for reset password
MIME-Version: 1.0
Content-Type: text/plain; charset=UTF-8
Content-Transfer-Encoding: 8bit
A request to reset your password was sent. To change your password click the link below.
http://localhost/blogapp/users/reset/0apgh2vf5y
This email was sent using the CakePHP Framework, http://cakephp.org.

